<?xml version="1.0" encoding="UTF-8"?>
<testsuite hostname="muweipingdeMacBook-Pro.local" name="com.muwp.sharding.jdbc.service.SimpleShardJdbcTemplateTest" tests="2" failures="0" timestamp="17 Feb 2019 17:03:29 GMT" time="1.287" errors="0">
  <testcase name="testQuery" time="0.388" classname="com.muwp.sharding.jdbc.service.SimpleShardJdbcTemplateTest"/>
  <testcase name="testSimpleSplitJdbcTemplate" time="0.0" classname="com.muwp.sharding.jdbc.service.SimpleShardJdbcTemplateTest"/>
</testsuite>
