<?xml version="1.0" encoding="UTF-8"?>
<testsuite hostname="muweipingdeMacBook-Pro.local" name="com.muwp.sharding.jdbc.service.SimpleShardJdbcTemplateTest" tests="2" failures="0" timestamp="17 Feb 2019 15:23:51 GMT" time="1.005" errors="0">
  <testcase name="testQuery" time="0.382" classname="com.muwp.sharding.jdbc.service.SimpleShardJdbcTemplateTest"/>
  <testcase name="testSimpleSplitJdbcTemplate" time="0.001" classname="com.muwp.sharding.jdbc.service.SimpleShardJdbcTemplateTest"/>
</testsuite>
